<?xml version="1.0" encoding="UTF-8"?>
<!-- Generated by org.testng.reporters.JUnitXMLReporter -->
<testsuite ignored="0" hostname="LAPTOP-HH7IGSDH" failures="0" tests="2" name="Default test" time="3.203" errors="0" timestamp="2022-02-22T16:10:22 PST">
  <testcase classname="com.RestAssuredAutomation_JobsAPI_testCases.TC004_Delete_Method" name="Test01_Delete_ExistingJobId" time="1.559"/>
  <testcase classname="com.RestAssuredAutomation_JobsAPI_testCases.TC004_Delete_Method" name="Test02_Delete_nonExistingJobId" time="0.474"/>
</testsuite> <!-- Default test -->
