<?xml version="1.0" encoding="UTF-8"?>
<testng-results ignored="0" total="22" passed="20" failed="2" skipped="0">
  <reporter-output>
  </reporter-output>
  <suite started-at="2022-02-22T16:11:35 PST" name="Suite" finished-at="2022-02-22T16:11:59 PST" duration-ms="23247">
    <groups>
    </groups>
    <test started-at="2022-02-22T16:11:35 PST" name="Test" finished-at="2022-02-22T16:11:59 PST" duration-ms="23247">
      <class name="com.RestAssuredAutomation_LMSAPI_testCases.TC003_GetDetails_SingleProgramID">
        <test-method is-config="true" signature="setup()[pri:0, instance:com.RestAssuredAutomation_LMSAPI_testCases.TC003_GetDetails_SingleProgramID@59309333]" started-at="2022-02-22T16:11:47 PST" name="setup" finished-at="2022-02-22T16:11:47 PST" duration-ms="4" status="PASS">
          <reporter-output>
          </reporter-output>
        </test-method> <!-- setup -->
        <test-method signature="Test02_GetDetails_NonExistingProgramId()[pri:0, instance:com.RestAssuredAutomation_LMSAPI_testCases.TC003_GetDetails_SingleProgramID@59309333]" started-at="2022-02-22T16:11:47 PST" name="Test02_GetDetails_NonExistingProgramId" finished-at="2022-02-22T16:11:48 PST" duration-ms="694" status="PASS">
          <reporter-output>
          </reporter-output>
        </test-method> <!-- Test02_GetDetails_NonExistingProgramId -->
        <test-method signature="Test03_GetDetails_singleProgramId(java.lang.String)[pri:0, instance:com.RestAssuredAutomation_LMSAPI_testCases.TC003_GetDetails_SingleProgramID@59309333]" started-at="2022-02-22T16:11:48 PST" name="Test03_GetDetails_singleProgramId" data-provider="LMSApidataGet" finished-at="2022-02-22T16:11:49 PST" duration-ms="705" status="PASS">
          <params>
            <param index="0">
              <value>
                <![CDATA["1056"]]>
              </value>
            </param>
          </params>
          <reporter-output>
          </reporter-output>
        </test-method> <!-- Test03_GetDetails_singleProgramId -->
      </class> <!-- com.RestAssuredAutomation_LMSAPI_testCases.TC003_GetDetails_SingleProgramID -->
      <class name="com.RestAssuredAutomation_JobsAPI_testCases.TC003_PUT_Method">
        <test-method is-config="true" signature="setup()[pri:0, instance:com.RestAssuredAutomation_JobsAPI_testCases.TC003_PUT_Method@6ae5aa72]" started-at="2022-02-22T16:11:57 PST" name="setup" finished-at="2022-02-22T16:11:57 PST" duration-ms="5" status="PASS">
          <reporter-output>
          </reporter-output>
        </test-method> <!-- setup -->
        <test-method is-config="true" signature="Test_01_Base()[pri:0, instance:com.RestAssuredAutomation_JobsAPI_testCases.TC003_PUT_Method@6ae5aa72]" started-at="2022-02-22T16:11:57 PST" name="Test_01_Base" finished-at="2022-02-22T16:11:57 PST" duration-ms="0" status="PASS">
          <reporter-output>
          </reporter-output>
        </test-method> <!-- Test_01_Base -->
        <test-method signature="Test01_PUT_ValidData(java.lang.String,java.lang.String)[pri:3, instance:com.RestAssuredAutomation_JobsAPI_testCases.TC003_PUT_Method@6ae5aa72]" started-at="2022-02-22T16:11:57 PST" name="Test01_PUT_ValidData" data-provider="jobsapiputdata" finished-at="2022-02-22T16:11:57 PST" duration-ms="493" status="PASS">
          <params>
            <param index="0">
              <value>
                <![CDATA["5121"]]>
              </value>
            </param>
            <param index="1">
              <value>
                <![CDATA["SDET"]]>
              </value>
            </param>
          </params>
          <reporter-output>
          </reporter-output>
        </test-method> <!-- Test01_PUT_ValidData -->
        <test-method signature="Test02_PUT_NonExistingJobID()[pri:4, instance:com.RestAssuredAutomation_JobsAPI_testCases.TC003_PUT_Method@6ae5aa72]" started-at="2022-02-22T16:11:57 PST" name="Test02_PUT_NonExistingJobID" finished-at="2022-02-22T16:11:58 PST" duration-ms="492" status="PASS">
          <reporter-output>
          </reporter-output>
        </test-method> <!-- Test02_PUT_NonExistingJobID -->
      </class> <!-- com.RestAssuredAutomation_JobsAPI_testCases.TC003_PUT_Method -->
      <class name="com.RestAssuredAutomation_JobsAPI_testCases.TC002_Post_Method">
        <test-method is-config="true" signature="setup()[pri:0, instance:com.RestAssuredAutomation_JobsAPI_testCases.TC002_Post_Method@245b4bdc]" started-at="2022-02-22T16:11:55 PST" name="setup" finished-at="2022-02-22T16:11:55 PST" duration-ms="4" status="PASS">
          <reporter-output>
          </reporter-output>
        </test-method> <!-- setup -->
        <test-method is-config="true" signature="Test_01_Base()[pri:0, instance:com.RestAssuredAutomation_JobsAPI_testCases.TC002_Post_Method@245b4bdc]" started-at="2022-02-22T16:11:55 PST" name="Test_01_Base" finished-at="2022-02-22T16:11:55 PST" duration-ms="0" status="PASS">
          <reporter-output>
          </reporter-output>
        </test-method> <!-- Test_01_Base -->
        <test-method signature="Test01_Post_validdata(java.lang.String,java.lang.String,java.lang.String,java.lang.String,java.lang.String,java.lang.String,java.lang.String)[pri:1, instance:com.RestAssuredAutomation_JobsAPI_testCases.TC002_Post_Method@245b4bdc]" started-at="2022-02-22T16:11:56 PST" name="Test01_Post_validdata" data-provider="jobsapidata" finished-at="2022-02-22T16:11:56 PST" duration-ms="485" status="PASS">
          <params>
            <param index="0">
              <value>
                <![CDATA["5121"]]>
              </value>
            </param>
            <param index="1">
              <value>
                <![CDATA["SDET Engineer"]]>
              </value>
            </param>
            <param index="2">
              <value>
                <![CDATA["California"]]>
              </value>
            </param>
            <param index="3">
              <value>
                <![CDATA["Infy"]]>
              </value>
            </param>
            <param index="4">
              <value>
                <![CDATA["Contract"]]>
              </value>
            </param>
            <param index="5">
              <value>
                <![CDATA["10 mins"]]>
              </value>
            </param>
            <param index="6">
              <value>
                <![CDATA["ASDF"]]>
              </value>
            </param>
          </params>
          <reporter-output>
          </reporter-output>
        </test-method> <!-- Test01_Post_validdata -->
        <test-method signature="Test02_Post_with_ExistingID()[pri:2, instance:com.RestAssuredAutomation_JobsAPI_testCases.TC002_Post_Method@245b4bdc]" started-at="2022-02-22T16:11:56 PST" name="Test02_Post_with_ExistingID" finished-at="2022-02-22T16:11:57 PST" depends-on-methods="com.RestAssuredAutomation_JobsAPI_testCases.TC002_Post_Method.Test01_Post_validdata" duration-ms="466" status="PASS">
          <reporter-output>
          </reporter-output>
        </test-method> <!-- Test02_Post_with_ExistingID -->
      </class> <!-- com.RestAssuredAutomation_JobsAPI_testCases.TC002_Post_Method -->
      <class name="com.RestAssuredAutomation_LMSAPI_testCases.TC001_Check_Authentication">
        <test-method is-config="true" signature="setup()[pri:0, instance:com.RestAssuredAutomation_LMSAPI_testCases.TC001_Check_Authentication@4fb0f2b9]" started-at="2022-02-22T16:11:36 PST" name="setup" finished-at="2022-02-22T16:11:36 PST" duration-ms="41" status="PASS">
          <reporter-output>
          </reporter-output>
        </test-method> <!-- setup -->
        <test-method is-config="true" signature="Test_01_Base()[pri:0, instance:com.RestAssuredAutomation_LMSAPI_testCases.TC001_Check_Authentication@4fb0f2b9]" started-at="2022-02-22T16:11:36 PST" name="Test_01_Base" finished-at="2022-02-22T16:11:36 PST" duration-ms="473" status="PASS">
          <reporter-output>
          </reporter-output>
        </test-method> <!-- Test_01_Base -->
        <test-method signature="Test01_Valid_Credentials()[pri:0, instance:com.RestAssuredAutomation_LMSAPI_testCases.TC001_Check_Authentication@4fb0f2b9]" started-at="2022-02-22T16:11:36 PST" name="Test01_Valid_Credentials" finished-at="2022-02-22T16:11:41 PST" duration-ms="4547" status="PASS">
          <reporter-output>
          </reporter-output>
        </test-method> <!-- Test01_Valid_Credentials -->
        <test-method signature="Test02_Invalid_Credentials()[pri:0, instance:com.RestAssuredAutomation_LMSAPI_testCases.TC001_Check_Authentication@4fb0f2b9]" started-at="2022-02-22T16:11:41 PST" name="Test02_Invalid_Credentials" finished-at="2022-02-22T16:11:41 PST" duration-ms="689" status="PASS">
          <reporter-output>
          </reporter-output>
        </test-method> <!-- Test02_Invalid_Credentials -->
        <test-method signature="Test03_NotPassing_Credentials()[pri:0, instance:com.RestAssuredAutomation_LMSAPI_testCases.TC001_Check_Authentication@4fb0f2b9]" started-at="2022-02-22T16:11:41 PST" name="Test03_NotPassing_Credentials" finished-at="2022-02-22T16:11:42 PST" duration-ms="952" status="PASS">
          <reporter-output>
          </reporter-output>
        </test-method> <!-- Test03_NotPassing_Credentials -->
      </class> <!-- com.RestAssuredAutomation_LMSAPI_testCases.TC001_Check_Authentication -->
      <class name="com.RestAssuredAutomation_LMSAPI_testCases.TC006_DELETE_Request">
        <test-method is-config="true" signature="setup()[pri:0, instance:com.RestAssuredAutomation_LMSAPI_testCases.TC006_DELETE_Request@2a798d51]" started-at="2022-02-22T16:11:52 PST" name="setup" finished-at="2022-02-22T16:11:52 PST" duration-ms="4" status="PASS">
          <reporter-output>
          </reporter-output>
        </test-method> <!-- setup -->
        <test-method signature="Test01_DeleteRequest_ExistingProgramID(java.lang.String)[pri:0, instance:com.RestAssuredAutomation_LMSAPI_testCases.TC006_DELETE_Request@2a798d51]" started-at="2022-02-22T16:11:52 PST" name="Test01_DeleteRequest_ExistingProgramID" data-provider="LMSApidatadelete" finished-at="2022-02-22T16:11:53 PST" duration-ms="668" status="PASS">
          <params>
            <param index="0">
              <value>
                <![CDATA["9410"]]>
              </value>
            </param>
          </params>
          <reporter-output>
          </reporter-output>
        </test-method> <!-- Test01_DeleteRequest_ExistingProgramID -->
        <test-method signature="Test01_DeleteRequest_ExistingProgramID(java.lang.String)[pri:0, instance:com.RestAssuredAutomation_LMSAPI_testCases.TC006_DELETE_Request@2a798d51]" started-at="2022-02-22T16:11:53 PST" name="Test01_DeleteRequest_ExistingProgramID" data-provider="LMSApidatadelete" finished-at="2022-02-22T16:11:54 PST" duration-ms="715" status="PASS">
          <params>
            <param index="0">
              <value>
                <![CDATA["9416"]]>
              </value>
            </param>
          </params>
          <reporter-output>
          </reporter-output>
        </test-method> <!-- Test01_DeleteRequest_ExistingProgramID -->
        <test-method signature="Test02_DeleteRequest_NonExistingProgramID()[pri:0, instance:com.RestAssuredAutomation_LMSAPI_testCases.TC006_DELETE_Request@2a798d51]" started-at="2022-02-22T16:11:54 PST" name="Test02_DeleteRequest_NonExistingProgramID" finished-at="2022-02-22T16:11:54 PST" duration-ms="682" status="PASS">
          <reporter-output>
          </reporter-output>
        </test-method> <!-- Test02_DeleteRequest_NonExistingProgramID -->
      </class> <!-- com.RestAssuredAutomation_LMSAPI_testCases.TC006_DELETE_Request -->
      <class name="com.RestAssuredAutomation_LMSAPI_testCases.TC005_PUT_Request">
        <test-method is-config="true" signature="setup()[pri:0, instance:com.RestAssuredAutomation_LMSAPI_testCases.TC005_PUT_Request@6b81ce95]" started-at="2022-02-22T16:11:51 PST" name="setup" finished-at="2022-02-22T16:11:51 PST" duration-ms="3" status="PASS">
          <reporter-output>
          </reporter-output>
        </test-method> <!-- setup -->
        <test-method signature="Test01_PUTRequest_ExistingProgramID(java.lang.String,java.lang.String,java.lang.String,java.lang.String)[pri:0, instance:com.RestAssuredAutomation_LMSAPI_testCases.TC005_PUT_Request@6b81ce95]" started-at="2022-02-22T16:11:51 PST" name="Test01_PUTRequest_ExistingProgramID" data-provider="LMSApidataPut" finished-at="2022-02-22T16:11:52 PST" duration-ms="696" status="FAIL">
          <params>
            <param index="0">
              <value>
                <![CDATA["1056"]]>
              </value>
            </param>
            <param index="1">
              <value>
                <![CDATA[]]>
              </value>
            </param>
            <param index="2">
              <value>
                <![CDATA["Java"]]>
              </value>
            </param>
            <param index="3">
              <value>
                <![CDATA["Programming"]]>
              </value>
            </param>
          </params>
          <exception class="java.lang.AssertionError">
            <message>
              <![CDATA[1 expectation failed.
JSON path programId doesn't match.
Expected: \"1056\"
  Actual: <10149>
]]>
            </message>
            <full-stacktrace>
              <![CDATA[java.lang.AssertionError: 1 expectation failed.
JSON path programId doesn't match.
Expected: \"1056\"
  Actual: <10149>

at java.base/jdk.internal.reflect.NativeConstructorAccessorImpl.newInstance0(Native Method)
at java.base/jdk.internal.reflect.NativeConstructorAccessorImpl.newInstance(NativeConstructorAccessorImpl.java:77)
at java.base/jdk.internal.reflect.DelegatingConstructorAccessorImpl.newInstance(DelegatingConstructorAccessorImpl.java:45)
at java.base/java.lang.reflect.Constructor.newInstanceWithCaller(Constructor.java:499)
at java.base/java.lang.reflect.Constructor.newInstance(Constructor.java:480)
at org.codehaus.groovy.reflection.CachedConstructor.invoke(CachedConstructor.java:72)
at org.codehaus.groovy.runtime.callsite.ConstructorSite$ConstructorSiteNoUnwrapNoCoerce.callConstructor(ConstructorSite.java:105)
at org.codehaus.groovy.runtime.callsite.CallSiteArray.defaultCallConstructor(CallSiteArray.java:59)
at org.codehaus.groovy.runtime.callsite.AbstractCallSite.callConstructor(AbstractCallSite.java:263)
at org.codehaus.groovy.runtime.callsite.AbstractCallSite.callConstructor(AbstractCallSite.java:277)
at io.restassured.internal.ResponseSpecificationImpl$HamcrestAssertionClosure.validate(ResponseSpecificationImpl.groovy:493)
at io.restassured.internal.ResponseSpecificationImpl$HamcrestAssertionClosure$validate$1.call(Unknown Source)
at io.restassured.internal.ResponseSpecificationImpl.validateResponseIfRequired(ResponseSpecificationImpl.groovy:674)
at jdk.internal.reflect.GeneratedMethodAccessor45.invoke(Unknown Source)
at java.base/jdk.internal.reflect.DelegatingMethodAccessorImpl.invoke(DelegatingMethodAccessorImpl.java:43)
at java.base/java.lang.reflect.Method.invoke(Method.java:568)
at org.codehaus.groovy.runtime.callsite.PlainObjectMetaMethodSite.doInvoke(PlainObjectMetaMethodSite.java:43)
at org.codehaus.groovy.runtime.callsite.PogoMetaMethodSite$PogoCachedMethodSiteNoUnwrapNoCoerce.invoke(PogoMetaMethodSite.java:193)
at org.codehaus.groovy.runtime.callsite.PogoMetaMethodSite.callCurrent(PogoMetaMethodSite.java:61)
at org.codehaus.groovy.runtime.callsite.AbstractCallSite.callCurrent(AbstractCallSite.java:185)
at io.restassured.internal.ResponseSpecificationImpl.body(ResponseSpecificationImpl.groovy:261)
at io.restassured.specification.ResponseSpecification$body$2.callCurrent(Unknown Source)
at io.restassured.internal.ResponseSpecificationImpl.body(ResponseSpecificationImpl.groovy:108)
at io.restassured.internal.ValidatableResponseOptionsImpl.body(ValidatableResponseOptionsImpl.java:244)
at io.restassured.internal.ValidatableResponseImpl.super$2$body(ValidatableResponseImpl.groovy)
at java.base/jdk.internal.reflect.NativeMethodAccessorImpl.invoke0(Native Method)
at java.base/jdk.internal.reflect.NativeMethodAccessorImpl.invoke(NativeMethodAccessorImpl.java:77)
at java.base/jdk.internal.reflect.DelegatingMethodAccessorImpl.invoke(DelegatingMethodAccessorImpl.java:43)
at java.base/java.lang.reflect.Method.invoke(Method.java:568)
at org.codehaus.groovy.reflection.CachedMethod.invoke(CachedMethod.java:107)
at groovy.lang.MetaMethod.doMethodInvoke(MetaMethod.java:323)
at groovy.lang.MetaClassImpl.invokeMethod(MetaClassImpl.java:1268)
at org.codehaus.groovy.runtime.ScriptBytecodeAdapter.invokeMethodOnSuperN(ScriptBytecodeAdapter.java:144)
at io.restassured.internal.ValidatableResponseImpl.body(ValidatableResponseImpl.groovy:298)
at io.restassured.internal.ValidatableResponseImpl.body(ValidatableResponseImpl.groovy)
at com.RestAssuredAutomation_LMSAPI_testCases.TC005_PUT_Request.Test01_PUTRequest_ExistingProgramID(TC005_PUT_Request.java:47)
at java.base/jdk.internal.reflect.NativeMethodAccessorImpl.invoke0(Native Method)
at java.base/jdk.internal.reflect.NativeMethodAccessorImpl.invoke(NativeMethodAccessorImpl.java:77)
at java.base/jdk.internal.reflect.DelegatingMethodAccessorImpl.invoke(DelegatingMethodAccessorImpl.java:43)
at java.base/java.lang.reflect.Method.invoke(Method.java:568)
at org.testng.internal.MethodInvocationHelper.invokeMethod(MethodInvocationHelper.java:133)
at org.testng.internal.TestInvoker.invokeMethod(TestInvoker.java:598)
at org.testng.internal.TestInvoker.invokeTestMethod(TestInvoker.java:173)
at org.testng.internal.MethodRunner.runInSequence(MethodRunner.java:46)
at org.testng.internal.TestInvoker$MethodInvocationAgent.invoke(TestInvoker.java:824)
at org.testng.internal.TestInvoker.invokeTestMethods(TestInvoker.java:146)
at org.testng.internal.TestMethodWorker.invokeTestMethods(TestMethodWorker.java:146)
at org.testng.internal.TestMethodWorker.run(TestMethodWorker.java:128)
at java.base/java.util.ArrayList.forEach(ArrayList.java:1511)
at org.testng.TestRunner.privateRun(TestRunner.java:794)
at org.testng.TestRunner.run(TestRunner.java:596)
at org.testng.SuiteRunner.runTest(SuiteRunner.java:377)
at org.testng.SuiteRunner.runSequentially(SuiteRunner.java:371)
at org.testng.SuiteRunner.privateRun(SuiteRunner.java:332)
at org.testng.SuiteRunner.run(SuiteRunner.java:276)
at org.testng.SuiteRunnerWorker.runSuite(SuiteRunnerWorker.java:53)
at org.testng.SuiteRunnerWorker.run(SuiteRunnerWorker.java:96)
at org.testng.TestNG.runSuitesSequentially(TestNG.java:1212)
at org.testng.TestNG.runSuitesLocally(TestNG.java:1134)
at org.testng.TestNG.runSuites(TestNG.java:1063)
at org.testng.TestNG.run(TestNG.java:1031)
at org.testng.remote.AbstractRemoteTestNG.run(AbstractRemoteTestNG.java:115)
at org.testng.remote.RemoteTestNG.initAndRun(RemoteTestNG.java:251)
at org.testng.remote.RemoteTestNG.main(RemoteTestNG.java:77)
]]>
            </full-stacktrace>
          </exception> <!-- java.lang.AssertionError -->
          <reporter-output>
          </reporter-output>
        </test-method> <!-- Test01_PUTRequest_ExistingProgramID -->
        <test-method signature="Test02_PUTRequest_nonExistingProgramID()[pri:0, instance:com.RestAssuredAutomation_LMSAPI_testCases.TC005_PUT_Request@6b81ce95]" started-at="2022-02-22T16:11:52 PST" name="Test02_PUTRequest_nonExistingProgramID" finished-at="2022-02-22T16:11:52 PST" duration-ms="663" status="FAIL">
          <exception class="java.lang.AssertionError">
            <message>
              <![CDATA[1 expectation failed.
Expected status code <404> but was <200>.
]]>
            </message>
            <full-stacktrace>
              <![CDATA[java.lang.AssertionError: 1 expectation failed.
Expected status code <404> but was <200>.

at java.base/jdk.internal.reflect.NativeConstructorAccessorImpl.newInstance0(Native Method)
at java.base/jdk.internal.reflect.NativeConstructorAccessorImpl.newInstance(NativeConstructorAccessorImpl.java:77)
at java.base/jdk.internal.reflect.DelegatingConstructorAccessorImpl.newInstance(DelegatingConstructorAccessorImpl.java:45)
at java.base/java.lang.reflect.Constructor.newInstanceWithCaller(Constructor.java:499)
at java.base/java.lang.reflect.Constructor.newInstance(Constructor.java:480)
at org.codehaus.groovy.reflection.CachedConstructor.invoke(CachedConstructor.java:72)
at org.codehaus.groovy.runtime.callsite.ConstructorSite$ConstructorSiteNoUnwrapNoCoerce.callConstructor(ConstructorSite.java:105)
at org.codehaus.groovy.runtime.callsite.AbstractCallSite.callConstructor(AbstractCallSite.java:277)
at io.restassured.internal.ResponseSpecificationImpl$HamcrestAssertionClosure.validate(ResponseSpecificationImpl.groovy:493)
at io.restassured.internal.ResponseSpecificationImpl$HamcrestAssertionClosure$validate$1.call(Unknown Source)
at io.restassured.internal.ResponseSpecificationImpl.validateResponseIfRequired(ResponseSpecificationImpl.groovy:674)
at jdk.internal.reflect.GeneratedMethodAccessor45.invoke(Unknown Source)
at java.base/jdk.internal.reflect.DelegatingMethodAccessorImpl.invoke(DelegatingMethodAccessorImpl.java:43)
at java.base/java.lang.reflect.Method.invoke(Method.java:568)
at org.codehaus.groovy.runtime.callsite.PlainObjectMetaMethodSite.doInvoke(PlainObjectMetaMethodSite.java:43)
at org.codehaus.groovy.runtime.callsite.PogoMetaMethodSite$PogoCachedMethodSiteNoUnwrapNoCoerce.invoke(PogoMetaMethodSite.java:193)
at org.codehaus.groovy.runtime.callsite.PogoMetaMethodSite.callCurrent(PogoMetaMethodSite.java:61)
at org.codehaus.groovy.runtime.callsite.AbstractCallSite.callCurrent(AbstractCallSite.java:185)
at io.restassured.internal.ResponseSpecificationImpl.statusCode(ResponseSpecificationImpl.groovy:126)
at io.restassured.specification.ResponseSpecification$statusCode$0.callCurrent(Unknown Source)
at io.restassured.internal.ResponseSpecificationImpl.statusCode(ResponseSpecificationImpl.groovy:134)
at io.restassured.internal.ValidatableResponseOptionsImpl.statusCode(ValidatableResponseOptionsImpl.java:89)
at io.restassured.internal.ValidatableResponseImpl.super$2$statusCode(ValidatableResponseImpl.groovy)
at java.base/jdk.internal.reflect.NativeMethodAccessorImpl.invoke0(Native Method)
at java.base/jdk.internal.reflect.NativeMethodAccessorImpl.invoke(NativeMethodAccessorImpl.java:77)
at java.base/jdk.internal.reflect.DelegatingMethodAccessorImpl.invoke(DelegatingMethodAccessorImpl.java:43)
at java.base/java.lang.reflect.Method.invoke(Method.java:568)
at org.codehaus.groovy.reflection.CachedMethod.invoke(CachedMethod.java:107)
at groovy.lang.MetaMethod.doMethodInvoke(MetaMethod.java:323)
at groovy.lang.MetaClassImpl.invokeMethod(MetaClassImpl.java:1268)
at org.codehaus.groovy.runtime.ScriptBytecodeAdapter.invokeMethodOnSuperN(ScriptBytecodeAdapter.java:144)
at io.restassured.internal.ValidatableResponseImpl.statusCode(ValidatableResponseImpl.groovy:142)
at io.restassured.internal.ValidatableResponseImpl.statusCode(ValidatableResponseImpl.groovy)
at com.RestAssuredAutomation_LMSAPI_testCases.TC005_PUT_Request.Test02_PUTRequest_nonExistingProgramID(TC005_PUT_Request.java:75)
at java.base/jdk.internal.reflect.NativeMethodAccessorImpl.invoke0(Native Method)
at java.base/jdk.internal.reflect.NativeMethodAccessorImpl.invoke(NativeMethodAccessorImpl.java:77)
at java.base/jdk.internal.reflect.DelegatingMethodAccessorImpl.invoke(DelegatingMethodAccessorImpl.java:43)
at java.base/java.lang.reflect.Method.invoke(Method.java:568)
at org.testng.internal.MethodInvocationHelper.invokeMethod(MethodInvocationHelper.java:133)
at org.testng.internal.TestInvoker.invokeMethod(TestInvoker.java:598)
at org.testng.internal.TestInvoker.invokeTestMethod(TestInvoker.java:173)
at org.testng.internal.MethodRunner.runInSequence(MethodRunner.java:46)
at org.testng.internal.TestInvoker$MethodInvocationAgent.invoke(TestInvoker.java:824)
at org.testng.internal.TestInvoker.invokeTestMethods(TestInvoker.java:146)
at org.testng.internal.TestMethodWorker.invokeTestMethods(TestMethodWorker.java:146)
at org.testng.internal.TestMethodWorker.run(TestMethodWorker.java:128)
at java.base/java.util.ArrayList.forEach(ArrayList.java:1511)
at org.testng.TestRunner.privateRun(TestRunner.java:794)
at org.testng.TestRunner.run(TestRunner.java:596)
at org.testng.SuiteRunner.runTest(SuiteRunner.java:377)
at org.testng.SuiteRunner.runSequentially(SuiteRunner.java:371)
at org.testng.SuiteRunner.privateRun(SuiteRunner.java:332)
at org.testng.SuiteRunner.run(SuiteRunner.java:276)
at org.testng.SuiteRunnerWorker.runSuite(SuiteRunnerWorker.java:53)
at org.testng.SuiteRunnerWorker.run(SuiteRunnerWorker.java:96)
at org.testng.TestNG.runSuitesSequentially(TestNG.java:1212)
at org.testng.TestNG.runSuitesLocally(TestNG.java:1134)
at org.testng.TestNG.runSuites(TestNG.java:1063)
at org.testng.TestNG.run(TestNG.java:1031)
at org.testng.remote.AbstractRemoteTestNG.run(AbstractRemoteTestNG.java:115)
at org.testng.remote.RemoteTestNG.initAndRun(RemoteTestNG.java:251)
at org.testng.remote.RemoteTestNG.main(RemoteTestNG.java:77)
]]>
            </full-stacktrace>
          </exception> <!-- java.lang.AssertionError -->
          <reporter-output>
          </reporter-output>
        </test-method> <!-- Test02_PUTRequest_nonExistingProgramID -->
      </class> <!-- com.RestAssuredAutomation_LMSAPI_testCases.TC005_PUT_Request -->
      <class name="com.RestAssuredAutomation_LMSAPI_testCases.TC004_POST_Request">
        <test-method is-config="true" signature="setup()[pri:0, instance:com.RestAssuredAutomation_LMSAPI_testCases.TC004_POST_Request@6572421]" started-at="2022-02-22T16:11:49 PST" name="setup" finished-at="2022-02-22T16:11:49 PST" duration-ms="4" status="PASS">
          <reporter-output>
          </reporter-output>
        </test-method> <!-- setup -->
        <test-method is-config="true" signature="Test_01_Base()[pri:0, instance:com.RestAssuredAutomation_LMSAPI_testCases.TC004_POST_Request@6572421]" started-at="2022-02-22T16:11:49 PST" name="Test_01_Base" finished-at="2022-02-22T16:11:49 PST" duration-ms="0" status="PASS">
          <reporter-output>
          </reporter-output>
        </test-method> <!-- Test_01_Base -->
        <test-method signature="Test01_PostRequest_ValidData(java.lang.String,java.lang.String,java.lang.String)[pri:0, instance:com.RestAssuredAutomation_LMSAPI_testCases.TC004_POST_Request@6572421]" started-at="2022-02-22T16:11:49 PST" name="Test01_PostRequest_ValidData" data-provider="LMSApidata" finished-at="2022-02-22T16:11:50 PST" duration-ms="771" status="PASS">
          <params>
            <param index="0">
              <value>
                <![CDATA[]]>
              </value>
            </param>
            <param index="1">
              <value>
                <![CDATA["RestAssured"]]>
              </value>
            </param>
            <param index="2">
              <value>
                <![CDATA["API Testing"]]>
              </value>
            </param>
          </params>
          <reporter-output>
          </reporter-output>
        </test-method> <!-- Test01_PostRequest_ValidData -->
        <test-method signature="Test04_MandatoryParams_Missing()[pri:0, instance:com.RestAssuredAutomation_LMSAPI_testCases.TC004_POST_Request@6572421]" started-at="2022-02-22T16:11:50 PST" name="Test04_MandatoryParams_Missing" finished-at="2022-02-22T16:11:51 PST" duration-ms="681" status="PASS">
          <reporter-output>
          </reporter-output>
        </test-method> <!-- Test04_MandatoryParams_Missing -->
      </class> <!-- com.RestAssuredAutomation_LMSAPI_testCases.TC004_POST_Request -->
      <class name="com.RestAssuredAutomation_JobsAPI_testCases.TC004_Delete_Method">
        <test-method is-config="true" signature="setup()[pri:0, instance:com.RestAssuredAutomation_JobsAPI_testCases.TC004_Delete_Method@222545dc]" started-at="2022-02-22T16:11:58 PST" name="setup" finished-at="2022-02-22T16:11:58 PST" duration-ms="3" status="PASS">
          <reporter-output>
          </reporter-output>
        </test-method> <!-- setup -->
        <test-method is-config="true" signature="Test_01_Base()[pri:0, instance:com.RestAssuredAutomation_JobsAPI_testCases.TC004_Delete_Method@222545dc]" started-at="2022-02-22T16:11:58 PST" name="Test_01_Base" finished-at="2022-02-22T16:11:58 PST" duration-ms="0" status="PASS">
          <reporter-output>
          </reporter-output>
        </test-method> <!-- Test_01_Base -->
        <test-method signature="Test01_Delete_ExistingJobId(java.lang.String)[pri:5, instance:com.RestAssuredAutomation_JobsAPI_testCases.TC004_Delete_Method@222545dc]" started-at="2022-02-22T16:11:58 PST" name="Test01_Delete_ExistingJobId" data-provider="jobsapideletedata" finished-at="2022-02-22T16:11:58 PST" duration-ms="493" status="PASS">
          <params>
            <param index="0">
              <value>
                <![CDATA["5121"]]>
              </value>
            </param>
          </params>
          <reporter-output>
          </reporter-output>
        </test-method> <!-- Test01_Delete_ExistingJobId -->
        <test-method signature="Test02_Delete_nonExistingJobId()[pri:6, instance:com.RestAssuredAutomation_JobsAPI_testCases.TC004_Delete_Method@222545dc]" started-at="2022-02-22T16:11:58 PST" name="Test02_Delete_nonExistingJobId" finished-at="2022-02-22T16:11:59 PST" duration-ms="474" status="PASS">
          <reporter-output>
          </reporter-output>
        </test-method> <!-- Test02_Delete_nonExistingJobId -->
      </class> <!-- com.RestAssuredAutomation_JobsAPI_testCases.TC004_Delete_Method -->
      <class name="com.RestAssuredAutomation_JobsAPI_testCases.TC001_Get_All_Details">
        <test-method is-config="true" signature="setup()[pri:0, instance:com.RestAssuredAutomation_JobsAPI_testCases.TC001_Get_All_Details@52bf72b5]" started-at="2022-02-22T16:11:54 PST" name="setup" finished-at="2022-02-22T16:11:54 PST" duration-ms="4" status="PASS">
          <reporter-output>
          </reporter-output>
        </test-method> <!-- setup -->
        <test-method signature="Test_02_valIdRequestURL()[pri:0, instance:com.RestAssuredAutomation_JobsAPI_testCases.TC001_Get_All_Details@52bf72b5]" started-at="2022-02-22T16:11:54 PST" name="Test_02_valIdRequestURL" finished-at="2022-02-22T16:11:55 PST" duration-ms="541" status="PASS">
          <reporter-output>
          </reporter-output>
        </test-method> <!-- Test_02_valIdRequestURL -->
        <test-method is-config="true" signature="Test_01_Base()[pri:0, instance:com.RestAssuredAutomation_JobsAPI_testCases.TC001_Get_All_Details@52bf72b5]" started-at="2022-02-22T16:11:54 PST" name="Test_01_Base" finished-at="2022-02-22T16:11:54 PST" duration-ms="0" status="PASS">
          <reporter-output>
          </reporter-output>
        </test-method> <!-- Test_01_Base -->
        <test-method signature="Test_03_invalIdRequestURL()[pri:0, instance:com.RestAssuredAutomation_JobsAPI_testCases.TC001_Get_All_Details@52bf72b5]" started-at="2022-02-22T16:11:55 PST" name="Test_03_invalIdRequestURL" finished-at="2022-02-22T16:11:55 PST" duration-ms="591" status="PASS">
          <reporter-output>
          </reporter-output>
        </test-method> <!-- Test_03_invalIdRequestURL -->
      </class> <!-- com.RestAssuredAutomation_JobsAPI_testCases.TC001_Get_All_Details -->
      <class name="com.RestAssuredAutomation_LMSAPI_testCases.TC002_Get_All_Details">
        <test-method is-config="true" signature="setup()[pri:0, instance:com.RestAssuredAutomation_LMSAPI_testCases.TC002_Get_All_Details@1aa7ecca]" started-at="2022-02-22T16:11:42 PST" name="setup" finished-at="2022-02-22T16:11:42 PST" duration-ms="6" status="PASS">
          <reporter-output>
          </reporter-output>
        </test-method> <!-- setup -->
        <test-method is-config="true" signature="Test_01_Base()[pri:0, instance:com.RestAssuredAutomation_LMSAPI_testCases.TC002_Get_All_Details@1aa7ecca]" started-at="2022-02-22T16:11:42 PST" name="Test_01_Base" finished-at="2022-02-22T16:11:42 PST" duration-ms="1" status="PASS">
          <reporter-output>
          </reporter-output>
        </test-method> <!-- Test_01_Base -->
        <test-method signature="Test_02_valIdRequestURL()[pri:0, instance:com.RestAssuredAutomation_LMSAPI_testCases.TC002_Get_All_Details@1aa7ecca]" started-at="2022-02-22T16:11:42 PST" name="Test_02_valIdRequestURL" finished-at="2022-02-22T16:11:46 PST" duration-ms="3938" status="PASS">
          <reporter-output>
          </reporter-output>
        </test-method> <!-- Test_02_valIdRequestURL -->
        <test-method signature="Test_03_invalIdRequestURL()[pri:0, instance:com.RestAssuredAutomation_LMSAPI_testCases.TC002_Get_All_Details@1aa7ecca]" started-at="2022-02-22T16:11:46 PST" name="Test_03_invalIdRequestURL" finished-at="2022-02-22T16:11:47 PST" duration-ms="764" status="PASS">
          <reporter-output>
          </reporter-output>
        </test-method> <!-- Test_03_invalIdRequestURL -->
      </class> <!-- com.RestAssuredAutomation_LMSAPI_testCases.TC002_Get_All_Details -->
    </test> <!-- Test -->
  </suite> <!-- Suite -->
</testng-results>
